Date/Time: 2018-02-24 12:57:50,128
Thread: 9
Couldn't load BC Item 2, no furniture record found. {1}

Date/Time: 2018-02-24 13:05:54,176
Thread: 9
Couldn't load BC Item 2, no furniture record found. {1}

Date/Time: 2018-02-24 13:07:06,912
Thread: 1
Couldn't load BC Item 2, no furniture record found. {1}

Date/Time: 2018-02-24 13:12:16,696
Thread: 9
Couldn't load BC Item 2, no furniture record found. {1}

Date/Time: 2018-02-24 13:18:17,239
Thread: 9
Couldn't load BC Item 2, no furniture record found. {1}

Date/Time: 2018-02-24 13:18:21,521
Thread: 9
reiniciar? No se ha conseguido ese comando, escribe Help para mas Informacion.

Date/Time: 2018-02-24 13:18:27,135
Thread: 9
help? No se ha conseguido ese comando, escribe Help para mas Informacion.

Date/Time: 2018-02-24 13:18:32,887
Thread: 9
help? No se ha conseguido ese comando, escribe Help para mas Informacion.

Date/Time: 2018-02-24 13:18:37,096
Thread: 9
reiniciar? No se ha conseguido ese comando, escribe Help para mas Informacion.

Date/Time: 2018-02-24 13:18:47,081
Thread: 1
Couldn't load BC Item 2, no furniture record found. {1}

Date/Time: 2018-02-24 13:19:26,412
Thread: 9
Couldn't load BC Item 2, no furniture record found. {1}

Date/Time: 2018-02-24 13:24:35,412
Thread: 8
Couldn't load BC Item 2, no furniture record found. {1}

Date/Time: 2018-02-24 13:27:56,213
Thread: 9
Couldn't load BC Item 2, no furniture record found. {1}

Date/Time: 2018-02-24 14:00:52,800
Thread: 8
Couldn't load BC Item 2, no furniture record found. {1}

Date/Time: 2018-02-24 14:02:42,593
Thread: 9
Couldn't load BC Item 2, no furniture record found. {1}

Date/Time: 2018-02-24 14:06:25,458
Thread: 8
Couldn't load BC Item 2, no furniture record found. {1}

Date/Time: 2018-02-24 14:08:09,875
Thread: 9
Couldn't load BC Item 2, no furniture record found. {1}

Date/Time: 2018-02-24 14:09:21,233
Thread: 9
Couldn't load BC Item 2, no furniture record found. {1}

Date/Time: 2018-02-24 14:10:14,673
Thread: 10
Couldn't load BC Item 2, no furniture record found. {1}

Date/Time: 2018-02-24 14:10:57,049
Thread: 10
Couldn't load BC Item 2, no furniture record found. {1}

Date/Time: 2018-02-24 14:15:51,774
Thread: 9
Couldn't load BC Item 2, no furniture record found. {1}

Date/Time: 2018-02-24 14:17:16,979
Thread: 8
Couldn't load BC Item 2, no furniture record found. {1}

Date/Time: 2018-02-24 14:18:16,773
Thread: 8
Couldn't load BC Item 2, no furniture record found. {1}

Date/Time: 2018-02-24 14:20:21,670
Thread: 9
Couldn't load BC Item 2, no furniture record found. {1}

Date/Time: 2018-02-24 14:33:57,080
Thread: 9
Couldn't load BC Item 2, no furniture record found. {1}

Date/Time: 2018-02-24 14:43:24,030
Thread: 9
Couldn't load BC Item 2, no furniture record found. {1}

Date/Time: 2018-02-24 14:45:12,926
Thread: 9
Couldn't load BC Item 2, no furniture record found. {1}

Date/Time: 2018-02-24 14:48:58,595
Thread: 9
Couldn't load BC Item 2, no furniture record found. {1}

Date/Time: 2018-02-24 14:53:50,169
Thread: 9
Couldn't load BC Item 2, no furniture record found. {1}

Date/Time: 2018-02-24 17:22:43,035
Thread: 9
Couldn't load BC Item 2, no furniture record found. {1}

Date/Time: 2018-02-24 18:04:03,806
Thread: 9
Couldn't load BC Item 2, no furniture record found. {1}

Date/Time: 2018-02-24 18:10:24,229
Thread: 9
Couldn't load BC Item 2, no furniture record found. {1}

Date/Time: 2018-02-24 18:11:39,445
Thread: 8
Couldn't load BC Item 2, no furniture record found. {1}

Date/Time: 2018-02-24 21:05:18,518
Thread: 9
Couldn't load BC Item 2, no furniture record found. {1}

Date/Time: 2018-02-24 21:08:19,141
Thread: 9
Couldn't load BC Item 2, no furniture record found. {1}

Date/Time: 2018-02-24 21:09:13,017
Thread: 9
Couldn't load BC Item 2, no furniture record found. {1}

Date/Time: 2018-02-24 21:10:05,167
Thread: 9
Couldn't load BC Item 2, no furniture record found. {1}

Date/Time: 2018-02-24 21:11:06,475
Thread: 9
Couldn't load BC Item 2, no furniture record found. {1}

Date/Time: 2018-02-24 21:11:47,991
Thread: 9
Couldn't load BC Item 2, no furniture record found. {1}

Date/Time: 2018-02-24 21:12:35,700
Thread: 10
Couldn't load BC Item 2, no furniture record found. {1}

Date/Time: 2018-02-24 21:14:41,297
Thread: 9
Couldn't load BC Item 2, no furniture record found. {1}

Date/Time: 2018-02-24 21:16:44,666
Thread: 9
Couldn't load BC Item 2, no furniture record found. {1}

Date/Time: 2018-02-24 21:19:29,879
Thread: 9
Couldn't load BC Item 2, no furniture record found. {1}

Date/Time: 2018-02-24 21:25:01,564
Thread: 9
Couldn't load BC Item 2, no furniture record found. {1}

Date/Time: 2018-02-24 21:50:44,545
Thread: 8
Couldn't load BC Item 2, no furniture record found. {1}

Date/Time: 2018-02-24 22:22:48,834
Thread: 9
Couldn't load BC Item 2, no furniture record found. {1}

Date/Time: 2018-02-24 22:23:37,677
Thread: 9
Couldn't load BC Item 2, no furniture record found. {1}

Date/Time: 2018-02-24 22:30:15,950
Thread: 9
Couldn't load BC Item 2, no furniture record found. {1}

Date/Time: 2018-02-24 22:40:54,565
Thread: 8
Couldn't load BC Item 2, no furniture record found. {1}

Date/Time: 2018-02-24 22:45:40,714
Thread: 9
Couldn't load BC Item 2, no furniture record found. {1}

Date/Time: 2018-02-24 22:48:44,348
Thread: 9
Couldn't load BC Item 2, no furniture record found. {1}

Date/Time: 2018-02-24 23:01:21,801
Thread: 8
Couldn't load BC Item 2, no furniture record found. {1}

Date/Time: 2018-02-24 23:12:41,294
Thread: 9
Couldn't load BC Item 2, no furniture record found. {1}

Date/Time: 2018-02-24 23:13:38,386
Thread: 10
Couldn't load BC Item 2, no furniture record found. {1}

Date/Time: 2018-02-24 23:16:28,269
Thread: 9
Couldn't load BC Item 2, no furniture record found. {1}

Date/Time: 2018-02-24 23:19:05,110
Thread: 9
Couldn't load BC Item 2, no furniture record found. {1}

Date/Time: 2018-02-24 23:22:29,418
Thread: 9
Couldn't load BC Item 2, no furniture record found. {1}

Date/Time: 2018-02-25 14:02:18,859
Thread: 1
Couldn't load BC Item 2, no furniture record found. {1}

Date/Time: 2018-02-26 16:39:39,897
Thread: 1
Couldn't load BC Item 2, no furniture record found. {1}

Date/Time: 2018-02-27 17:53:40,707
Thread: 8
Couldn't load BC Item 2, no furniture record found. {1}

Date/Time: 2018-02-27 17:55:09,324
Thread: 8
Couldn't load BC Item 2, no furniture record found. {1}

Date/Time: 2018-02-27 17:55:50,348
Thread: 9
Couldn't load BC Item 2, no furniture record found. {1}

Date/Time: 2018-02-27 18:03:35,073
Thread: 8
Couldn't load BC Item 2, no furniture record found. {1}

Date/Time: 2018-02-27 18:04:31,473
Thread: 8
Couldn't load BC Item 2, no furniture record found. {1}

Date/Time: 2018-02-27 18:17:34,805
Thread: 9
Couldn't load BC Item 2, no furniture record found. {1}

Date/Time: 2018-02-28 14:14:11,690
Thread: 9
Couldn't load BC Item 2, no furniture record found. {1}

Date/Time: 2018-02-28 14:24:04,872
Thread: 9
Couldn't load BC Item 2, no furniture record found. {1}

Date/Time: 2018-02-28 14:28:17,346
Thread: 9
Couldn't load BC Item 2, no furniture record found. {1}

Date/Time: 2018-02-28 18:19:40,764
Thread: 9
Couldn't load BC Item 2, no furniture record found. {1}

Date/Time: 2018-02-28 18:53:10,739
Thread: 9
Couldn't load BC Item 2, no furniture record found. {1}

Date/Time: 2018-02-28 18:58:20,126
Thread: 9
Couldn't load BC Item 2, no furniture record found. {1}

Date/Time: 2018-02-28 18:59:26,755
Thread: 9
Couldn't load BC Item 2, no furniture record found. {1}

Date/Time: 2018-02-28 19:06:05,613
Thread: 9
Couldn't load BC Item 2, no furniture record found. {1}

Date/Time: 2018-02-28 19:09:57,537
Thread: 9
Couldn't load BC Item 2, no furniture record found. {1}

Date/Time: 2018-02-28 19:19:02,844
Thread: 9
Couldn't load BC Item 2, no furniture record found. {1}

Date/Time: 2018-02-28 19:22:01,793
Thread: 8
Couldn't load BC Item 2, no furniture record found. {1}

Date/Time: 2018-02-28 19:27:00,835
Thread: 9
Couldn't load BC Item 2, no furniture record found. {1}

Date/Time: 2018-03-01 16:09:51,422
Thread: 9
Couldn't load BC Item 2, no furniture record found. {1}

Date/Time: 2018-03-01 16:53:54,442
Thread: 9
Couldn't load BC Item 2, no furniture record found. {1}

Date/Time: 2018-03-01 17:22:19,730
Thread: 9
Couldn't load BC Item 2, no furniture record found. {1}

Date/Time: 2018-03-01 17:31:11,746
Thread: 9
Couldn't load BC Item 2, no furniture record found. {1}

Date/Time: 2018-03-01 17:32:09,098
Thread: 10
Couldn't load BC Item 2, no furniture record found. {1}

Date/Time: 2018-03-01 17:47:26,261
Thread: 9
Couldn't load BC Item 2, no furniture record found. {1}

Date/Time: 2018-03-01 17:51:55,485
Thread: 9
Couldn't load BC Item 2, no furniture record found. {1}

Date/Time: 2018-03-01 17:54:14,277
Thread: 9
Couldn't load BC Item 2, no furniture record found. {1}

Date/Time: 2018-03-01 17:57:25,593
Thread: 9
Couldn't load BC Item 2, no furniture record found. {1}

Date/Time: 2018-03-03 07:14:35,330
Thread: 10
Couldn't load BC Item 2, no furniture record found. {1}

Date/Time: 2018-03-03 07:20:30,005
Thread: 8
Couldn't load BC Item 2, no furniture record found. {1}

Date/Time: 2018-03-05 10:38:02,171
Thread: 10
Couldn't load BC Item 2, no furniture record found. {1}

Date/Time: 2018-03-05 10:54:31,750
Thread: 9
Couldn't load BC Item 2, no furniture record found. {1}

Date/Time: 2018-03-05 11:02:45,082
Thread: 8
Couldn't load BC Item 2, no furniture record found. {1}

Date/Time: 2018-03-05 12:18:40,786
Thread: 9
Couldn't load BC Item 2, no furniture record found. {1}

Date/Time: 2018-03-09 07:07:43,854
Thread: 10
Couldn't load BC Item 2, no furniture record found. {1}

Date/Time: 2018-03-09 07:15:19,936
Thread: 8
Couldn't load BC Item 2, no furniture record found. {1}

Date/Time: 2018-03-09 07:20:09,661
Thread: 10
Couldn't load BC Item 2, no furniture record found. {1}

Date/Time: 2018-03-09 07:36:44,159
Thread: 1
Couldn't load BC Item 2, no furniture record found. {1}

Date/Time: 2018-03-09 07:49:58,473
Thread: 25
Couldn't load BC Item 2, no furniture record found. {1}

Date/Time: 2018-03-09 07:51:36,932
Thread: 37
Couldn't load BC Item 2, no furniture record found. {1}

Date/Time: 2018-03-09 07:53:15,154
Thread: 33
Couldn't load BC Item 2, no furniture record found. {1}

Date/Time: 2018-03-09 07:56:46,476
Thread: 21
Couldn't load BC Item 2, no furniture record found. {1}

Date/Time: 2018-03-09 08:02:31,027
Thread: 34
Couldn't load BC Item 2, no furniture record found. {1}

Date/Time: 2018-03-10 01:18:19,852
Thread: 1
Couldn't load BC Item 2, no furniture record found. {1}

Date/Time: 2018-03-10 01:49:37,485
Thread: 31
Couldn't load BC Item 2, no furniture record found. {1}

Date/Time: 2018-03-10 02:05:02,291
Thread: 19
Couldn't load BC Item 2, no furniture record found. {1}

Date/Time: 2018-03-10 02:17:24,950
Thread: 8
Couldn't load BC Item 2, no furniture record found. {1}

Date/Time: 2018-03-10 02:19:39,866
Thread: 9
Couldn't load BC Item 2, no furniture record found. {1}

Date/Time: 2018-03-10 02:20:41,658
Thread: 10
Couldn't load BC Item 2, no furniture record found. {1}

Date/Time: 2018-03-10 02:21:30,883
Thread: 10
Couldn't load BC Item 2, no furniture record found. {1}

Date/Time: 2018-03-10 02:22:33,917
Thread: 10
Couldn't load BC Item 2, no furniture record found. {1}

Date/Time: 2018-03-10 02:23:21,507
Thread: 10
Couldn't load BC Item 2, no furniture record found. {1}

Date/Time: 2018-03-10 02:24:20,958
Thread: 10
Couldn't load BC Item 2, no furniture record found. {1}

Date/Time: 2018-03-10 02:27:08,991
Thread: 9
Couldn't load BC Item 2, no furniture record found. {1}

Date/Time: 2018-03-10 02:28:01,223
Thread: 10
Couldn't load BC Item 2, no furniture record found. {1}

Date/Time: 2018-03-10 02:29:13,433
Thread: 9
Couldn't load BC Item 2, no furniture record found. {1}

Date/Time: 2018-03-10 02:32:55,348
Thread: 8
Couldn't load BC Item 2, no furniture record found. {1}

Date/Time: 2018-03-10 02:37:16,381
Thread: 9
Couldn't load BC Item 2, no furniture record found. {1}

Date/Time: 2018-03-11 05:22:42,079
Thread: 9
Couldn't load BC Item 2, no furniture record found. {1}

Date/Time: 2018-03-11 05:30:24,895
Thread: 9
Couldn't load BC Item 2, no furniture record found. {1}

Date/Time: 2018-03-11 05:32:06,228
Thread: 9
Couldn't load BC Item 2, no furniture record found. {1}

Date/Time: 2018-03-11 05:33:36,068
Thread: 9
Couldn't load BC Item 2, no furniture record found. {1}

Date/Time: 2018-03-11 05:33:59,865
Thread: 10
Couldn't load BC Item 2, no furniture record found. {1}

Date/Time: 2018-03-11 05:44:39,077
Thread: 9
Couldn't load BC Item 2, no furniture record found. {1}

Date/Time: 2018-03-11 05:45:26,686
Thread: 9
Couldn't load BC Item 2, no furniture record found. {1}

Date/Time: 2018-03-11 05:50:27,385
Thread: 8
Couldn't load BC Item 2, no furniture record found. {1}

Date/Time: 2018-03-11 05:58:55,935
Thread: 9
Couldn't load BC Item 2, no furniture record found. {1}

Date/Time: 2018-03-11 06:04:55,351
Thread: 9
Couldn't load BC Item 2, no furniture record found. {1}

Date/Time: 2018-03-13 07:52:48,215
Thread: 8
Couldn't load BC Item 2, no furniture record found. {1}

Date/Time: 2018-03-13 08:10:45,206
Thread: 8
Couldn't load BC Item 2, no furniture record found. {1}

Date/Time: 2018-03-13 08:20:51,346
Thread: 1
Couldn't load BC Item 2, no furniture record found. {1}

Date/Time: 2018-03-13 08:29:48,704
Thread: 9
Couldn't load BC Item 2, no furniture record found. {1}

Date/Time: 2018-03-13 08:32:24,944
Thread: 20
Couldn't load BC Item 2, no furniture record found. {1}

Date/Time: 2018-03-13 08:36:49,447
Thread: 8
Couldn't load BC Item 2, no furniture record found. {1}

Date/Time: 2018-03-13 08:37:43,637
Thread: 10
Couldn't load BC Item 2, no furniture record found. {1}

Date/Time: 2018-03-13 08:43:43,619
Thread: 9
Couldn't load BC Item 2, no furniture record found. {1}

Date/Time: 2018-03-13 08:46:31,469
Thread: 9
Couldn't load BC Item 2, no furniture record found. {1}

Date/Time: 2018-03-13 08:49:29,910
Thread: 1
Couldn't load BC Item 2, no furniture record found. {1}

Date/Time: 2018-03-13 10:20:07,412
Thread: 9
Couldn't load BC Item 2, no furniture record found. {1}

Date/Time: 2018-03-13 10:25:06,195
Thread: 9
Couldn't load BC Item 2, no furniture record found. {1}

Date/Time: 2018-03-13 10:30:42,211
Thread: 9
Couldn't load BC Item 2, no furniture record found. {1}

Date/Time: 2018-03-13 10:51:38,234
Thread: 8
Couldn't load BC Item 2, no furniture record found. {1}

Date/Time: 2018-03-13 11:03:43,733
Thread: 1
Couldn't load BC Item 2, no furniture record found. {1}

Date/Time: 2018-03-13 11:07:26,207
Thread: 14
Couldn't load BC Item 2, no furniture record found. {1}

Date/Time: 2018-03-13 11:18:31,110
Thread: 8
Couldn't load BC Item 2, no furniture record found. {1}

Date/Time: 2018-03-16 08:56:48,534
Thread: 1
Couldn't load BC Item 2, no furniture record found. {1}

Date/Time: 2018-03-16 09:20:38,318
Thread: 60
Couldn't load BC Item 2, no furniture record found. {1}

Date/Time: 2018-03-16 09:20:58,833
Thread: 1
Couldn't load BC Item 2, no furniture record found. {1}

Date/Time: 2018-03-16 09:21:35,668
Thread: 1
Couldn't load BC Item 2, no furniture record found. {1}

Date/Time: 2018-03-16 09:23:08,393
Thread: 1
Couldn't load BC Item 2, no furniture record found. {1}

Date/Time: 2018-03-16 09:24:24,551
Thread: 1
Couldn't load BC Item 2, no furniture record found. {1}

Date/Time: 2018-03-16 09:24:56,368
Thread: 1
Couldn't load BC Item 2, no furniture record found. {1}

Date/Time: 2018-03-16 10:22:23,451
Thread: 9
Couldn't load BC Item 2, no furniture record found. {1}

Date/Time: 2018-03-16 10:23:08,976
Thread: 10
Couldn't load BC Item 2, no furniture record found. {1}

Date/Time: 2018-03-16 10:24:14,676
Thread: 9
Couldn't load BC Item 2, no furniture record found. {1}

Date/Time: 2018-03-18 17:47:34,368
Thread: 9
Couldn't load BC Item 2, no furniture record found. {1}

Date/Time: 2018-03-18 17:50:44,550
Thread: 1
Couldn't load BC Item 2, no furniture record found. {1}

Date/Time: 2018-03-18 17:57:57,649
Thread: 1
Couldn't load BC Item 2, no furniture record found. {1}

Date/Time: 2018-03-18 19:06:01,497
Thread: 8
Couldn't load BC Item 2, no furniture record found. {1}

Date/Time: 2018-03-18 19:15:24,838
Thread: 8
Couldn't load BC Item 2, no furniture record found. {1}

Date/Time: 2018-03-21 11:46:32,020
Thread: 1
Couldn't load BC Item 2, no furniture record found. {1}

Date/Time: 2018-03-21 11:50:44,469
Thread: 9
Couldn't load BC Item 2, no furniture record found. {1}

Date/Time: 2018-03-21 11:52:26,069
Thread: 1
Couldn't load BC Item 2, no furniture record found. {1}

Date/Time: 2018-03-21 11:58:31,710
Thread: 1
Couldn't load BC Item 2, no furniture record found. {1}

Date/Time: 2018-03-21 12:13:54,993
Thread: 10
Couldn't load Catalog Item 9859, no furniture record found. {3}

Date/Time: 2018-03-21 12:13:55,007
Thread: 10
Couldn't load BC Item 2, no furniture record found. {1}

Date/Time: 2018-03-21 12:34:31,337
Thread: 15
Couldn't load BC Item 2, no furniture record found. {1}

Date/Time: 2018-03-21 12:51:00,610
Thread: 64
Couldn't load BC Item 2, no furniture record found. {1}

Date/Time: 2018-03-21 12:59:25,476
Thread: 1
Couldn't load BC Item 2, no furniture record found. {1}

Date/Time: 2018-03-21 13:07:55,150
Thread: 1
Couldn't load BC Item 2, no furniture record found. {1}

Date/Time: 2018-03-21 13:21:58,881
Thread: 1
Couldn't load BC Item 2, no furniture record found. {1}

Date/Time: 2018-03-21 13:46:23,626
Thread: 78
Couldn't load BC Item 2, no furniture record found. {1}

Date/Time: 2018-03-21 13:47:51,687
Thread: 85
Couldn't load BC Item 2, no furniture record found. {1}

Date/Time: 2018-03-21 13:50:02,217
Thread: 92
Couldn't load BC Item 2, no furniture record found. {1}

Date/Time: 2018-03-21 15:03:51,882
Thread: 9
Couldn't load BC Item 2, no furniture record found. {1}

Date/Time: 2018-03-21 15:04:27,699
Thread: 1
Couldn't load BC Item 2, no furniture record found. {1}

Date/Time: 2018-03-21 15:08:49,123
Thread: 1
Couldn't load BC Item 2, no furniture record found. {1}

Date/Time: 2018-03-21 17:52:44,657
Thread: 1
Couldn't load BC Item 2, no furniture record found. {1}

Date/Time: 2018-03-21 17:53:20,824
Thread: 1
Couldn't load BC Item 2, no furniture record found. {1}

Date/Time: 2018-03-21 17:59:11,980
Thread: 39
Couldn't load BC Item 2, no furniture record found. {1}

Date/Time: 2018-03-21 18:01:04,980
Thread: 1
Couldn't load BC Item 2, no furniture record found. {1}

Date/Time: 2018-03-23 07:45:30,222
Thread: 8
Couldn't load BC Item 2, no furniture record found. {1}

Date/Time: 2018-03-23 08:26:48,008
Thread: 1
Couldn't load BC Item 2, no furniture record found. {1}

Date/Time: 2018-03-23 18:31:46,336
Thread: 10
Couldn't load BC Item 2, no furniture record found. {1}

Date/Time: 2018-03-25 18:48:02,299
Thread: 8
Couldn't load BC Item 2, no furniture record found. {1}

Date/Time: 2018-03-26 12:04:16,459
Thread: 9
Couldn't load BC Item 2, no furniture record found. {1}

Date/Time: 2018-03-27 11:40:51,396
Thread: 1
Couldn't load BC Item 2, no furniture record found. {1}

Date/Time: 2018-03-27 12:30:30,107
Thread: 1
Couldn't load BC Item 2, no furniture record found. {1}

Date/Time: 2018-03-27 15:16:16,485
Thread: 1
Couldn't load BC Item 2, no furniture record found. {1}

Date/Time: 2018-03-27 15:33:04,359
Thread: 1
Couldn't load BC Item 2, no furniture record found. {1}

Date/Time: 2018-03-29 01:39:02,436
Thread: 1
Couldn't load BC Item 2, no furniture record found. {1}

Date/Time: 2018-03-29 17:57:34,641
Thread: 1
Couldn't load BC Item 2, no furniture record found. {1}

Date/Time: 2018-03-31 22:22:43,372
Thread: 1
Couldn't load BC Item 2, no furniture record found. {1}

Date/Time: 2018-04-02 18:18:57,706
Thread: 1
Couldn't load BC Item 2, no furniture record found. {1}

Date/Time: 2018-04-07 13:52:19,503
Thread: 1
Couldn't load Catalog Item 9847, no furniture record found. {3}

Date/Time: 2018-04-07 13:52:19,503
Thread: 1
Couldn't load Catalog Item 9924, no furniture record found. {3}

Date/Time: 2018-04-07 14:00:54,532
Thread: 1
Couldn't load Catalog Item 9847, no furniture record found. {3}

Date/Time: 2018-04-07 14:00:54,532
Thread: 1
Couldn't load Catalog Item 9924, no furniture record found. {3}

Date/Time: 2018-04-12 15:33:06,630
Thread: 9
Couldn't load Catalog Item 9847, no furniture record found. {3}

Date/Time: 2018-04-12 15:33:06,645
Thread: 9
Couldn't load Catalog Item 9924, no furniture record found. {3}

Date/Time: 2018-04-12 15:36:18,776
Thread: 8
Couldn't load Catalog Item 9847, no furniture record found. {3}

Date/Time: 2018-04-12 15:36:18,777
Thread: 8
Couldn't load Catalog Item 9924, no furniture record found. {3}

Date/Time: 2018-04-12 15:37:40,490
Thread: 10
Couldn't load Catalog Item 9847, no furniture record found. {3}

Date/Time: 2018-04-12 15:37:40,491
Thread: 10
Couldn't load Catalog Item 9924, no furniture record found. {3}

Date/Time: 2018-04-12 15:39:09,699
Thread: 10
Couldn't load Catalog Item 9847, no furniture record found. {3}

Date/Time: 2018-04-12 15:39:09,700
Thread: 10
Couldn't load Catalog Item 9924, no furniture record found. {3}

Date/Time: 2018-04-12 15:45:55,505
Thread: 10
Couldn't load Catalog Item 9847, no furniture record found. {3}

Date/Time: 2018-04-12 15:45:55,507
Thread: 10
Couldn't load Catalog Item 9924, no furniture record found. {3}

Date/Time: 2018-04-12 15:48:54,644
Thread: 9
Couldn't load Catalog Item 9847, no furniture record found. {3}

Date/Time: 2018-04-12 15:48:54,645
Thread: 9
Couldn't load Catalog Item 9924, no furniture record found. {3}

Date/Time: 2018-04-12 15:51:40,072
Thread: 8
Couldn't load Catalog Item 9847, no furniture record found. {3}

Date/Time: 2018-04-12 15:51:40,074
Thread: 8
Couldn't load Catalog Item 9924, no furniture record found. {3}

Date/Time: 2018-04-19 19:04:03,394
Thread: 1
Couldn't load Catalog Item 9847, no furniture record found. {3}

Date/Time: 2018-04-19 19:04:03,441
Thread: 1
Couldn't load Catalog Item 9924, no furniture record found. {3}

Date/Time: 2018-04-19 19:45:12,618
Thread: 1
Couldn't load Catalog Item 9847, no furniture record found. {3}

Date/Time: 2018-04-19 19:45:12,620
Thread: 1
Couldn't load Catalog Item 9924, no furniture record found. {3}

Date/Time: 2018-04-19 20:49:34,233
Thread: 1
Couldn't load Catalog Item 9847, no furniture record found. {3}

Date/Time: 2018-04-19 20:49:34,234
Thread: 1
Couldn't load Catalog Item 9924, no furniture record found. {3}

Date/Time: 2018-04-21 19:11:40,596
Thread: 1
Couldn't load Catalog Item 9847, no furniture record found. {3}

Date/Time: 2018-04-21 19:11:40,608
Thread: 1
Couldn't load Catalog Item 9924, no furniture record found. {3}

Date/Time: 2018-05-03 10:37:09,897
Thread: 1
Couldn't load Catalog Item 9847, no furniture record found. {3}

Date/Time: 2018-05-03 10:37:09,924
Thread: 1
Couldn't load Catalog Item 9924, no furniture record found. {3}

Date/Time: 2018-05-03 11:16:22,981
Thread: 1
Couldn't load Catalog Item 9847, no furniture record found. {3}

Date/Time: 2018-05-03 11:16:23,006
Thread: 1
Couldn't load Catalog Item 9924, no furniture record found. {3}

Date/Time: 2018-06-07 23:26:26,504
Thread: 1
Couldn't load Catalog Item 9847, no furniture record found. {3}

Date/Time: 2018-06-07 23:26:26,504
Thread: 1
Couldn't load Catalog Item 9924, no furniture record found. {3}

Date/Time: 2018-06-08 00:18:14,231
Thread: 1
Couldn't load Catalog Item 9847, no furniture record found. {3}

Date/Time: 2018-06-08 00:18:14,245
Thread: 1
Couldn't load Catalog Item 9924, no furniture record found. {3}

Date/Time: 2018-06-08 17:10:22,423
Thread: 1
Couldn't load Catalog Item 9847, no furniture record found. {3}

Date/Time: 2018-06-08 17:10:22,426
Thread: 1
Couldn't load Catalog Item 9924, no furniture record found. {3}

Date/Time: 2018-06-08 17:42:29,713
Thread: 1
Couldn't load Catalog Item 9847, no furniture record found. {3}

Date/Time: 2018-06-08 17:42:29,717
Thread: 1
Couldn't load Catalog Item 9924, no furniture record found. {3}

Date/Time: 2018-06-08 17:44:53,013
Thread: 1
Couldn't load Catalog Item 9847, no furniture record found. {3}

Date/Time: 2018-06-08 17:44:53,015
Thread: 1
Couldn't load Catalog Item 9924, no furniture record found. {3}

Date/Time: 2018-06-08 17:48:42,033
Thread: 1
Couldn't load Catalog Item 9847, no furniture record found. {3}

Date/Time: 2018-06-08 17:48:42,037
Thread: 1
Couldn't load Catalog Item 9924, no furniture record found. {3}

Date/Time: 2018-06-08 17:53:58,021
Thread: 1
Couldn't load Catalog Item 9847, no furniture record found. {3}

Date/Time: 2018-06-08 17:53:58,024
Thread: 1
Couldn't load Catalog Item 9924, no furniture record found. {3}

Date/Time: 2018-06-08 17:55:50,135
Thread: 1
Error en el comando [shutdown]: System.IndexOutOfRangeException: Index was outside the bounds of the array.
   at Yezz.Core.ConsoleCommandHandler.InvokeCommand(String inputData) in C:\Users\Administrator\Desktop\UFO.Server\Core\ConsoleCommandHandler.cs:line 32

Date/Time: 2018-06-08 17:55:55,723
Thread: 1
stop? No se ha conseguido ese comando, escribe Help para mas Informacion.

Date/Time: 2018-06-08 17:56:10,528
Thread: 1
Couldn't load Catalog Item 9847, no furniture record found. {3}

Date/Time: 2018-06-08 17:56:10,531
Thread: 1
Couldn't load Catalog Item 9924, no furniture record found. {3}

Date/Time: 2018-06-08 17:56:36,105
Thread: 1
Error en el comando [shutdown]: System.IndexOutOfRangeException: Index was outside the bounds of the array.
   at Yezz.Core.ConsoleCommandHandler.InvokeCommand(String inputData) in C:\Users\Administrator\Desktop\UFO.Server\Core\ConsoleCommandHandler.cs:line 32

Date/Time: 2018-06-08 23:45:43,977
Thread: 1
Couldn't load Catalog Item 9847, no furniture record found. {3}

Date/Time: 2018-06-08 23:45:43,981
Thread: 1
Couldn't load Catalog Item 9924, no furniture record found. {3}

Date/Time: 2018-06-10 09:15:03,014
Thread: 1
Couldn't load Catalog Item 9847, no furniture record found. {3}

Date/Time: 2018-06-10 09:15:03,015
Thread: 1
Couldn't load Catalog Item 9924, no furniture record found. {3}

Date/Time: 2018-06-10 16:47:26,934
Thread: 1
Couldn't load Catalog Item 9847, no furniture record found. {3}

Date/Time: 2018-06-10 16:47:26,937
Thread: 1
Couldn't load Catalog Item 9924, no furniture record found. {3}

Date/Time: 2018-06-11 04:54:35,992
Thread: 1
Couldn't load Catalog Item 9847, no furniture record found. {3}

Date/Time: 2018-06-11 04:54:36,007
Thread: 1
Couldn't load Catalog Item 9924, no furniture record found. {3}

Date/Time: 2018-06-11 20:40:14,034
Thread: 601
Couldn't load Catalog Item 9847, no furniture record found. {3}

Date/Time: 2018-06-11 20:40:14,036
Thread: 601
Couldn't load Catalog Item 9924, no furniture record found. {3}

Date/Time: 2018-06-11 20:42:24,012
Thread: 603
Couldn't load Catalog Item 9847, no furniture record found. {3}

Date/Time: 2018-06-11 20:42:24,048
Thread: 603
Couldn't load Catalog Item 9924, no furniture record found. {3}

Date/Time: 2018-06-11 20:50:45,140
Thread: 643
Couldn't load Catalog Item 9847, no furniture record found. {3}

Date/Time: 2018-06-11 20:50:45,143
Thread: 643
Couldn't load Catalog Item 9924, no furniture record found. {3}

Date/Time: 2018-06-11 20:51:06,098
Thread: 599
Couldn't load Catalog Item 9847, no furniture record found. {3}

Date/Time: 2018-06-11 20:51:06,104
Thread: 599
Couldn't load Catalog Item 9924, no furniture record found. {3}

Date/Time: 2018-06-11 21:02:59,903
Thread: 572
Couldn't load Catalog Item 9847, no furniture record found. {3}

Date/Time: 2018-06-11 21:02:59,906
Thread: 572
Couldn't load Catalog Item 9924, no furniture record found. {3}

Date/Time: 2018-06-11 21:08:38,706
Thread: 609
Couldn't load Catalog Item 9847, no furniture record found. {3}

Date/Time: 2018-06-11 21:08:38,708
Thread: 609
Couldn't load Catalog Item 9924, no furniture record found. {3}

Date/Time: 2018-06-11 21:11:48,412
Thread: 621
Couldn't load Catalog Item 9847, no furniture record found. {3}

Date/Time: 2018-06-11 21:11:48,413
Thread: 621
Couldn't load Catalog Item 9924, no furniture record found. {3}

Date/Time: 2018-06-11 21:14:31,683
Thread: 622
Couldn't load Catalog Item 9847, no furniture record found. {3}

Date/Time: 2018-06-11 21:14:31,686
Thread: 622
Couldn't load Catalog Item 9924, no furniture record found. {3}

Date/Time: 2018-06-12 03:32:50,826
Thread: 1
restartforbi? No se ha conseguido ese comando, escribe Help para mas Informacion.

Date/Time: 2018-06-12 10:57:59,730
Thread: 1
Error en el comando [shutdown]: System.IndexOutOfRangeException: Index was outside the bounds of the array.
   at Yezz.Core.ConsoleCommandHandler.InvokeCommand(String inputData) in C:\Users\Administrator\Desktop\UFO.Server\Core\ConsoleCommandHandler.cs:line 32

Date/Time: 2018-06-12 10:58:05,179
Thread: 1
shutdownforbi? No se ha conseguido ese comando, escribe Help para mas Informacion.

Date/Time: 2018-06-12 10:58:33,088
Thread: 1
shutdownforbi? No se ha conseguido ese comando, escribe Help para mas Informacion.

Date/Time: 2018-06-14 13:11:29,068
Thread: 1
Error en el comando [shutdown]: System.IndexOutOfRangeException: Index was outside the bounds of the array.
   at Yezz.Core.ConsoleCommandHandler.InvokeCommand(String inputData) in C:\Users\Administrator\Desktop\UFO.Server\Core\ConsoleCommandHandler.cs:line 32

Date/Time: 2018-06-14 21:21:50,578
Thread: 1
Error en el comando [shutdown]: System.IndexOutOfRangeException: Index was outside the bounds of the array.
   at Yezz.Core.ConsoleCommandHandler.InvokeCommand(String inputData) in C:\Users\Administrator\Desktop\UFO.Server\Core\ConsoleCommandHandler.cs:line 32

Date/Time: 2018-06-14 21:21:52,993
Thread: 1
Error en el comando [shutdown]: System.IndexOutOfRangeException: Index was outside the bounds of the array.
   at Yezz.Core.ConsoleCommandHandler.InvokeCommand(String inputData) in C:\Users\Administrator\Desktop\UFO.Server\Core\ConsoleCommandHandler.cs:line 32

Date/Time: 2018-06-14 21:21:55,462
Thread: 1
stop? No se ha conseguido ese comando, escribe Help para mas Informacion.

Date/Time: 2018-06-14 21:21:57,404
Thread: 1
help? No se ha conseguido ese comando, escribe Help para mas Informacion.

Date/Time: 2018-06-14 21:21:59,644
Thread: 1
commands? No se ha conseguido ese comando, escribe Help para mas Informacion.

Date/Time: 2018-06-14 21:22:01,349
Thread: 1
comandos? No se ha conseguido ese comando, escribe Help para mas Informacion.

Date/Time: 2018-06-14 21:22:03,139
Thread: 1
help? No se ha conseguido ese comando, escribe Help para mas Informacion.

Date/Time: 2018-06-14 21:22:19,084
Thread: 1
Error en el comando [shutdown]: System.IndexOutOfRangeException: Index was outside the bounds of the array.
   at Yezz.Core.ConsoleCommandHandler.InvokeCommand(String inputData) in C:\Users\Administrator\Desktop\UFO.Server\Core\ConsoleCommandHandler.cs:line 32

Date/Time: 2018-06-14 21:23:03,452
Thread: 1
shutdownforbi? No se ha conseguido ese comando, escribe Help para mas Informacion.

Date/Time: 2018-06-14 21:23:08,188
Thread: 1
:shutdown? No se ha conseguido ese comando, escribe Help para mas Informacion.

Date/Time: 2018-06-15 17:10:18,173
Thread: 386
Couldn't load Catalog Item 1375, no furniture record found. {3}

Date/Time: 2018-06-15 17:12:55,510
Thread: 411
Couldn't load Catalog Item 1375, no furniture record found. {3}

Date/Time: 2018-06-15 17:13:33,875
Thread: 429
Couldn't load Catalog Item 1375, no furniture record found. {3}

Date/Time: 2018-06-15 17:15:17,335
Thread: 421
Couldn't load Catalog Item 1375, no furniture record found. {3}

Date/Time: 2018-06-15 17:16:56,032
Thread: 418
Couldn't load Catalog Item 1375, no furniture record found. {3}

Date/Time: 2018-06-15 17:18:20,633
Thread: 429
Couldn't load Catalog Item 1375, no furniture record found. {3}

Date/Time: 2018-06-15 17:22:20,248
Thread: 350
Couldn't load Catalog Item 1375, no furniture record found. {3}

Date/Time: 2018-06-15 17:23:41,603
Thread: 409
Couldn't load Catalog Item 1375, no furniture record found. {3}

Date/Time: 2018-06-15 17:25:50,169
Thread: 387
Couldn't load Catalog Item 1375, no furniture record found. {3}

Date/Time: 2018-06-15 17:26:30,498
Thread: 319
Couldn't load Catalog Item 1375, no furniture record found. {3}

Date/Time: 2018-06-17 00:45:41,222
Thread: 1
Error en el comando [shutdown]: System.IndexOutOfRangeException: Index was outside the bounds of the array.
   at Yezz.Core.ConsoleCommandHandler.InvokeCommand(String inputData) in C:\Users\Administrator\Desktop\UFO.Server\Core\ConsoleCommandHandler.cs:line 32

Date/Time: 2018-06-24 10:27:34,165
Thread: 1
shutdownforbi? No se ha conseguido ese comando, escribe Help para mas Informacion.

Date/Time: 2018-06-24 10:27:38,969
Thread: 1
Error en el comando [shutdown]: System.IndexOutOfRangeException: Index was outside the bounds of the array.
   at Yezz.Core.ConsoleCommandHandler.InvokeCommand(String inputData) in C:\Users\Administrator\Desktop\UFO.Server\Core\ConsoleCommandHandler.cs:line 32

Date/Time: 2018-06-24 10:27:42,970
Thread: 1
stop? No se ha conseguido ese comando, escribe Help para mas Informacion.

Date/Time: 2018-06-25 22:30:25,940
Thread: 1
restat? No se ha conseguido ese comando, escribe Help para mas Informacion.

Date/Time: 2018-07-20 23:23:10,327
Thread: 1
stop? No se ha conseguido ese comando, escribe Help para mas Informacion.

Date/Time: 2018-11-19 21:24:35,877
Thread: 1
Couldn't load BC Item 1, no furniture record found. {1}

Date/Time: 2018-11-19 21:25:30,700
Thread: 1
Couldn't load BC Item 1, no furniture record found. {1}

Date/Time: 2018-11-19 23:44:09,505
Thread: 1
Couldn't load BC Item 1, no furniture record found. {1}

